<?xml version="1.0" encoding="UTF-8"?>
<testng-results ignored="0" total="1" passed="1" failed="0" skipped="0">
  <reporter-output>
  </reporter-output>
  <suite started-at="2024-03-21T19:22:20 IST" name="Default suite" finished-at="2024-03-21T19:22:41 IST" duration-ms="21030">
    <groups>
    </groups>
    <test started-at="2024-03-21T19:22:20 IST" name="Default test" finished-at="2024-03-21T19:22:41 IST" duration-ms="21030">
      <class name="selenium.task_1">
        <test-method signature="openBrowser()[pri:0, instance:selenium.task_1@37d4349f]" started-at="2024-03-21T19:22:20 IST" name="openBrowser" finished-at="2024-03-21T19:22:41 IST" duration-ms="20981" status="PASS">
          <reporter-output>
          </reporter-output>
        </test-method> <!-- openBrowser -->
      </class> <!-- selenium.task_1 -->
    </test> <!-- Default test -->
  </suite> <!-- Default suite -->
</testng-results>
